2025-04-07 22:01:20,914 - __main__ - INFO - Запуск бота...
2025-04-07 22:01:20,931 - googleapiclient.discovery_cache - INFO - file_cache is only supported with oauth2client<4.0.0
2025-04-07 22:03:14,683 - __main__ - INFO - Запуск бота...
2025-04-07 22:03:14,698 - googleapiclient.discovery_cache - INFO - file_cache is only supported with oauth2client<4.0.0
2025-04-07 22:03:16,798 - services.cache - INFO - Кэш успешно сохранен
2025-04-07 22:03:16,798 - services.google_sheets - INFO - Данные успешно обновлены для диапазона MENU!A2:D
2025-04-07 22:07:39,331 - __main__ - INFO - Запуск бота...
2025-04-07 22:07:39,351 - googleapiclient.discovery_cache - INFO - file_cache is only supported with oauth2client<4.0.0
2025-04-07 22:07:39,356 - services.cache - INFO - Кэш успешно загружен из файла
2025-04-07 22:09:58,400 - __main__ - INFO - Запуск бота...
2025-04-07 22:09:58,415 - googleapiclient.discovery_cache - INFO - file_cache is only supported with oauth2client<4.0.0
2025-04-07 22:09:58,419 - services.cache - INFO - Кэш успешно загружен из файла
2025-04-07 22:09:58,420 - bot.core - INFO - Меню успешно загружено
2025-04-07 22:09:58,420 - bot.core - INFO - Бот успешно инициализирован
2025-04-07 22:09:58,421 - bot.core - INFO - Запуск бота...
2025-04-07 22:14:41,481 - __main__ - INFO - Запуск бота...
2025-04-07 22:14:41,495 - googleapiclient.discovery_cache - INFO - file_cache is only supported with oauth2client<4.0.0
2025-04-07 22:14:41,500 - services.cache - INFO - Кэш успешно загружен из файла
2025-04-07 22:14:41,500 - bot.core - INFO - Меню успешно загружено
2025-04-07 22:14:41,501 - bot.core - INFO - Бот успешно инициализирован
2025-04-07 22:14:41,501 - bot.core - INFO - Запуск бота...
2025-04-07 22:20:08,256 - __main__ - INFO - Запуск бота...
2025-04-07 22:20:08,273 - googleapiclient.discovery_cache - INFO - file_cache is only supported with oauth2client<4.0.0
2025-04-07 22:20:10,333 - services.cache - INFO - Кэш успешно сохранен
2025-04-07 22:20:10,333 - services.google_sheets - INFO - Данные успешно обновлены для диапазона MENU!A2:D
2025-04-07 22:20:10,333 - bot.core - INFO - Меню успешно загружено
2025-04-07 22:20:10,333 - bot.core - INFO - Бот успешно инициализирован
2025-04-07 22:20:10,333 - bot.core - INFO - Запуск бота...
